app/build/intermediates/manifest_merge_blame_file/release/manifest-merger-blame-release-report.txt
1<?xml version="1.0" encoding="utf-8"?>
2<manifest xmlns:android="http://schemas.android.com/apk/res/android"
3    package="com.johnmelodyme.kwspcalculator"
4    android:installLocation="preferExternal"
5    android:versionCode="3"
6    android:versionName="3.0" >
7
8    <uses-sdk
9        android:minSdkVersion="21"
9-->src/main/AndroidManifest.xml
10        android:targetSdkVersion="30" />
10-->src/main/AndroidManifest.xml
11
12    <uses-permission android:name="android.permission.INTERNET" />
12-->src/main/AndroidManifest.xml:7:5-67
12-->src/main/AndroidManifest.xml:7:22-64
13    <uses-permission android:name="android.permission.ACCESS_NETWORK_STATE" />
13-->src/main/AndroidManifest.xml:8:5-79
13-->src/main/AndroidManifest.xml:8:22-76
14
15    <application
15-->src/main/AndroidManifest.xml:10:5-33:19
16        android:allowBackup="true"
16-->src/main/AndroidManifest.xml:11:9-35
17        android:appComponentFactory="androidx.core.app.CoreComponentFactory"
17-->[androidx.core:core:1.3.1] AndroidManifest.xml:24:18-86
18        android:icon="@mipmap/application"
18-->src/main/AndroidManifest.xml:12:9-43
19        android:label="@string/app_name"
19-->src/main/AndroidManifest.xml:13:9-41
20        android:roundIcon="@mipmap/application"
20-->src/main/AndroidManifest.xml:14:9-48
21        android:supportsRtl="true"
21-->src/main/AndroidManifest.xml:15:9-35
22        android:theme="@style/AppTheme" >
22-->src/main/AndroidManifest.xml:16:9-40
23        <activity
23-->src/main/AndroidManifest.xml:18:9-20:50
24            android:name="com.johnmelodyme.kwspcalculator.UI.EmploymentAct"
24-->src/main/AndroidManifest.xml:19:13-45
25            android:theme="@style/WebAppTheme" />
25-->src/main/AndroidManifest.xml:20:13-47
26        <activity
26-->src/main/AndroidManifest.xml:21:9-23:50
27            android:name="com.johnmelodyme.kwspcalculator.UI.SurveyWeb"
27-->src/main/AndroidManifest.xml:22:13-41
28            android:theme="@style/WebAppTheme" />
28-->src/main/AndroidManifest.xml:23:13-47
29        <activity
29-->src/main/AndroidManifest.xml:24:9-32:20
30            android:name="com.johnmelodyme.kwspcalculator.UI.CalculatorActivity"
30-->src/main/AndroidManifest.xml:25:13-50
31            android:screenOrientation="portrait" >
31-->src/main/AndroidManifest.xml:26:13-49
32            <intent-filter>
32-->src/main/AndroidManifest.xml:27:13-31:29
33                <action android:name="android.intent.action.MAIN" />
33-->src/main/AndroidManifest.xml:28:17-69
33-->src/main/AndroidManifest.xml:28:25-66
34
35                <category android:name="android.intent.category.LAUNCHER" />
35-->src/main/AndroidManifest.xml:30:17-77
35-->src/main/AndroidManifest.xml:30:27-74
36            </intent-filter>
37        </activity>
38    </application>
39
40</manifest>